mode: set
gin-booking/internal/booking/controller.go:29.56,31.2 1 1
gin-booking/internal/booking/controller.go:34.61,36.2 2 1
gin-booking/internal/booking/controller.go:36.2,41.3 4 1
gin-booking/internal/booking/controller.go:45.55,47.47 2 0
gin-booking/internal/booking/controller.go:47.47,51.3 2 0
gin-booking/internal/booking/controller.go:53.2,54.17 2 0
gin-booking/internal/booking/controller.go:54.17,58.3 2 0
gin-booking/internal/booking/controller.go:59.2,59.16 1 0
gin-booking/internal/booking/controller.go:59.16,63.3 2 0
gin-booking/internal/booking/controller.go:65.2,66.41 1 0
gin-booking/internal/booking/controller.go:70.55,72.47 2 0
gin-booking/internal/booking/controller.go:72.47,76.3 2 0
gin-booking/internal/booking/controller.go:78.2,79.16 2 0
gin-booking/internal/booking/controller.go:79.16,82.3 2 0
gin-booking/internal/booking/controller.go:84.2,85.40 1 0
gin-booking/internal/booking/controller.go:89.57,91.16 2 0
gin-booking/internal/booking/controller.go:91.16,94.3 2 0
gin-booking/internal/booking/controller.go:96.2,97.16 2 0
gin-booking/internal/booking/controller.go:97.16,101.3 2 0
gin-booking/internal/booking/controller.go:103.2,103.73 1 0
gin-booking/internal/booking/controller.go:107.57,120.2 6 0
gin-booking/internal/booking/repository.go:12.44,14.2 1 1
gin-booking/internal/booking/repository.go:17.61,26.16 3 0
gin-booking/internal/booking/repository.go:26.16,28.3 1 0
gin-booking/internal/booking/repository.go:29.2,29.18 1 0
gin-booking/internal/booking/repository.go:33.61,38.2 2 0
gin-booking/internal/booking/repository.go:41.77,48.2 2 0
gin-booking/internal/booking/repository.go:56.16,64.2 3 0
gin-booking/internal/booking/repository.go:67.70,77.16 3 0
gin-booking/internal/booking/repository.go:77.16,79.3 1 0
gin-booking/internal/booking/repository.go:80.2,80.21 1 0
gin-booking/internal/booking/repository.go:84.57,89.2 2 0
gin-booking/internal/booking/repository.go:92.51,97.2 2 0
gin-booking/internal/booking/repository.go:101.71,111.16 2 0
gin-booking/internal/booking/repository.go:111.16,113.3 1 0
gin-booking/internal/booking/repository.go:114.2,117.18 3 0
gin-booking/internal/booking/repository.go:117.18,125.17 3 0
gin-booking/internal/booking/repository.go:125.17,126.12 1 0
gin-booking/internal/booking/repository.go:128.3,128.33 1 0
gin-booking/internal/booking/repository.go:130.2,130.22 1 0
gin-booking/internal/booking/repository.go:134.91,142.16 3 0
gin-booking/internal/booking/repository.go:142.16,144.3 1 0
gin-booking/internal/booking/repository.go:145.2,145.24 1 0
gin-booking/internal/booking/service.go:35.38,40.2 1 1
gin-booking/internal/booking/service.go:42.68,47.2 1 1
gin-booking/internal/booking/service.go:50.88,68.16 3 1
gin-booking/internal/booking/service.go:68.16,71.3 2 0
gin-booking/internal/booking/service.go:74.2,74.13 1 1
gin-booking/internal/booking/service.go:74.13,76.3 1 1
gin-booking/internal/booking/service.go:79.2,80.16 2 1
gin-booking/internal/booking/service.go:80.16,83.3 2 1
gin-booking/internal/booking/service.go:86.2,87.30 2 1
gin-booking/internal/booking/service.go:87.30,91.3 3 1
gin-booking/internal/booking/service.go:94.2,95.16 2 1
gin-booking/internal/booking/service.go:95.16,99.3 3 1
gin-booking/internal/booking/service.go:102.2,102.56 1 1
gin-booking/internal/booking/service.go:102.56,106.3 3 1
gin-booking/internal/booking/service.go:109.2,109.72 1 1
gin-booking/internal/booking/service.go:109.72,113.3 3 1
gin-booking/internal/booking/service.go:116.2,120.16 2 1
gin-booking/internal/booking/service.go:120.16,124.3 3 1
gin-booking/internal/booking/service.go:127.2,127.36 1 1
gin-booking/internal/booking/service.go:127.36,130.3 2 0
gin-booking/internal/booking/service.go:132.2,143.15 2 1
gin-booking/internal/booking/service.go:147.85,149.16 2 1
gin-booking/internal/booking/service.go:149.16,151.3 1 1
gin-booking/internal/booking/service.go:153.2,170.8 6 1
gin-booking/internal/booking/service.go:174.72,176.22 2 1
gin-booking/internal/booking/service.go:176.22,178.3 1 1
gin-booking/internal/booking/service.go:179.2,182.16 3 1
gin-booking/internal/booking/service.go:182.16,185.3 2 0
gin-booking/internal/booking/service.go:186.2,187.70 2 0
gin-booking/internal/booking/service.go:191.66,193.2 1 1
gin-booking/internal/booking/service.go:196.78,203.2 3 1
gin-booking/internal/booking/service.go:206.79,208.16 2 1
gin-booking/internal/booking/service.go:208.16,210.3 1 1
gin-booking/internal/booking/service.go:211.2,211.18 1 1
gin-booking/internal/booking/service.go:215.52,217.16 2 1
gin-booking/internal/booking/service.go:217.16,219.3 1 1
gin-booking/internal/booking/service.go:220.2,220.25 1 1
